[15755][1572436253052][main][info]["Booting Postman 7.10.0, linux-5.3.7-arch1-1-ARCH on x64"]
[15755][1572436253059][main][info]["EventBus~initialize - Success"]
[15755][1572436253082][main][info]["UpdateHandler~init - Success"]
[15755][1572436253089][main][info]["RuntimeExecutionService~initialized: Success"]
[15755][1572436253095][main][info]["LinuxAutoUpdater~Cleanup - Initial cleanup successful"]
[15755][1572436253599][main][info]["Bootstrap-models~bootstrap - Success"]
[15755][1572436254100][main][info]["window-manager~newSharedWindow: Shell loaded"]
[15755][1572436258861][main][info]["Main~AppEvents - Received booted event for process shared"]
[15755][1572436263151][main][info]["UpdateHandler~app-update-events - Received event",{"name":"checkForElectronVersionUpdated","namespace":"appUpdate"}]
[15755][1572436263188][main][info]["Main~AppEvents - Received booted event for process requester"]
[15755][1572437053789][main][info]["WindowManager~closeHandler - Closed Window (id: 4 )"]
[15755][1572437053870][main][info]["Quitting app"]
[19626][1572438363858][main][info]["Booting Postman 7.10.0, linux-5.3.7-arch1-1-ARCH on x64"]
[19626][1572438363878][main][info]["EventBus~initialize - Success"]
[19626][1572438363905][main][info]["UpdateHandler~init - Success"]
[19626][1572438363912][main][info]["RuntimeExecutionService~initialized: Success"]
[19626][1572438363917][main][info]["LinuxAutoUpdater~Cleanup - Initial cleanup successful"]
[19626][1572438364350][main][info]["Bootstrap-models~bootstrap - Success"]
[19626][1572438364885][main][info]["window-manager~newSharedWindow: Shell loaded"]
[19626][1572438368501][main][info]["Main~AppEvents - Received booted event for process shared"]
[19626][1572438372954][main][info]["UpdateHandler~app-update-events - Received event",{"name":"checkForElectronVersionUpdated","namespace":"appUpdate"}]
[19626][1572438372988][main][info]["Main~AppEvents - Received booted event for process requester"]
[19626][1572438544236][main][info]["WindowManager~closeHandler - Closed Window (id: 3 )"]
[19626][1572438544290][main][info]["Quitting app"]
[6226][1572689873427][main][info]["Booting Postman 7.10.0, linux-5.3.7-arch1-1-ARCH on x64"]
[6226][1572689873451][main][info]["EventBus~initialize - Success"]
[6226][1572689873482][main][info]["UpdateHandler~init - Success"]
[6226][1572689873490][main][info]["RuntimeExecutionService~initialized: Success"]
[6226][1572689873494][main][info]["LinuxAutoUpdater~Cleanup - Initial cleanup successful"]
[6226][1572689874064][main][info]["Bootstrap-models~bootstrap - Success"]
[6226][1572689874704][main][info]["window-manager~newSharedWindow: Shell loaded"]
[6226][1572689878441][main][info]["Main~AppEvents - Received booted event for process shared"]
[6226][1572689883132][main][info]["UpdateHandler~app-update-events - Received event",{"name":"checkForElectronVersionUpdated","namespace":"appUpdate"}]
[6226][1572689883158][main][info]["Main~AppEvents - Received booted event for process requester"]
[6226][1572690068058][main][info]["WindowManager~closeHandler - Closed Window (id: 3 )"]
[6226][1572690068104][main][info]["Quitting app"]
[7063][1572690164577][main][info]["Booting Postman 7.10.0, linux-5.3.7-arch1-1-ARCH on x64"]
[7063][1572690164594][main][info]["EventBus~initialize - Success"]
[7063][1572690164617][main][info]["UpdateHandler~init - Success"]
[7063][1572690164625][main][info]["RuntimeExecutionService~initialized: Success"]
[7063][1572690164630][main][info]["LinuxAutoUpdater~Cleanup - Initial cleanup successful"]
[7063][1572690165216][main][info]["Bootstrap-models~bootstrap - Success"]
[7063][1572690165745][main][info]["window-manager~newSharedWindow: Shell loaded"]
[7063][1572690169451][main][info]["Main~AppEvents - Received booted event for process shared"]
[7063][1572690173950][main][info]["UpdateHandler~app-update-events - Received event",{"name":"checkForElectronVersionUpdated","namespace":"appUpdate"}]
[7063][1572690173987][main][info]["Main~AppEvents - Received booted event for process requester"]
[7063][1572691076017][main][info]["WindowManager~closeHandler - Closed Window (id: 3 )"]
[7063][1572691076090][main][info]["Quitting app"]
[9089][1572691334531][main][info]["Booting Postman 7.10.0, linux-5.3.7-arch1-1-ARCH on x64"]
[9089][1572691334537][main][info]["EventBus~initialize - Success"]
[9089][1572691334573][main][info]["UpdateHandler~init - Success"]
[9089][1572691334581][main][info]["RuntimeExecutionService~initialized: Success"]
[9089][1572691334585][main][info]["LinuxAutoUpdater~Cleanup - Initial cleanup successful"]
[9089][1572691335043][main][info]["Bootstrap-models~bootstrap - Success"]
[9089][1572691335532][main][info]["window-manager~newSharedWindow: Shell loaded"]
[9089][1572691339010][main][info]["Main~AppEvents - Received booted event for process shared"]
[9089][1572691343500][main][info]["UpdateHandler~app-update-events - Received event",{"name":"checkForElectronVersionUpdated","namespace":"appUpdate"}]
[9089][1572691343529][main][info]["Main~AppEvents - Received booted event for process requester"]
[9089][1572691453863][main][info]["WindowManager~closeHandler - Closed Window (id: 3 )"]
[9089][1572691453932][main][info]["Quitting app"]
[9662][1572691530101][main][info]["Booting Postman 7.10.0, linux-5.3.7-arch1-1-ARCH on x64"]
[9662][1572691530108][main][info]["EventBus~initialize - Success"]
[9662][1572691530129][main][info]["UpdateHandler~init - Success"]
[9662][1572691530147][main][info]["RuntimeExecutionService~initialized: Success"]
[9662][1572691530153][main][info]["LinuxAutoUpdater~Cleanup - Initial cleanup successful"]
[9662][1572691530554][main][info]["Bootstrap-models~bootstrap - Success"]
[9662][1572691531105][main][info]["window-manager~newSharedWindow: Shell loaded"]
[9662][1572691534518][main][info]["Main~AppEvents - Received booted event for process shared"]
[9662][1572691538769][main][info]["UpdateHandler~app-update-events - Received event",{"name":"checkForElectronVersionUpdated","namespace":"appUpdate"}]
[9662][1572691538811][main][info]["Main~AppEvents - Received booted event for process requester"]
[9662][1572691545708][main][info]["WindowManager~closeHandler - Closed Window (id: 3 )"]
[9662][1572691545727][main][info]["Quitting app"]
[25495][1578339860812][main][info]["Booting Postman 7.10.0, linux-5.4.8-arch1-1 on x64"]
[25495][1578339860819][main][info]["EventBus~initialize - Success"]
[25495][1578339860839][main][info]["UpdateHandler~init - Success"]
[25495][1578339860851][main][info]["RuntimeExecutionService~initialized: Success"]
[25495][1578339860862][main][info]["LinuxAutoUpdater~Cleanup - Initial cleanup successful"]
[25495][1578339861471][main][info]["Bootstrap-models~bootstrap - Success"]
[25495][1578339862090][main][info]["window-manager~newSharedWindow: Shell loaded"]
[25495][1578339865808][main][info]["Main~AppEvents - Received booted event for process shared"]
[25495][1578339870402][main][info]["UpdateHandler~app-update-events - Received event",{"name":"checkForElectronVersionUpdated","namespace":"appUpdate"}]
[25495][1578339870439][main][info]["Main~AppEvents - Received booted event for process requester"]
[25495][1578339881406][main][info]["UpdateHandler~app-update-events - Received event",{"data":{"additionalParamsString":"installationId=73bf2185-89ae-4e74-8003-df53f80e2944&userId=9321229&syncEnabled=true&teamPlan=","appId":"73bf2185-89ae-4e74-8003-df53f80e2944","arch":"64","channel":"stable","downloadURL":"https://dl.pstmn.io/download/version/7.14.0/linux_64","downloadVersion":"7.14.0","platform":"LINUX","updateServerDomain":"https://dl.pstmn.io/","userAgent":"Mozilla/5.0 (X11; Linux x86_64) AppleWebKit/537.36 (KHTML, like Gecko) Postman/7.10.0 Chrome/66.0.3359.181 Electron/3.1.8 Safari/537.36","userId":"9321229","version":"7.10.0"},"name":"updateElectron","namespace":"appUpdate"}]
[25495][1578339881407][main][info]["LinuxUpdater~downloadUpdate - UpdateInfo received",{"additionalParamsString":"installationId=73bf2185-89ae-4e74-8003-df53f80e2944&userId=9321229&syncEnabled=true&teamPlan=","appId":"73bf2185-89ae-4e74-8003-df53f80e2944","arch":"64","channel":"stable","downloadURL":"https://dl.pstmn.io/download/version/7.14.0/linux_64","downloadVersion":"7.14.0","platform":"LINUX","updateServerDomain":"https://dl.pstmn.io/","userAgent":"Mozilla/5.0 (X11; Linux x86_64) AppleWebKit/537.36 (KHTML, like Gecko) Postman/7.10.0 Chrome/66.0.3359.181 Electron/3.1.8 Safari/537.36","userId":"9321229","version":"7.10.0"}]
[25495][1578339924006][main][info]["@postman/app-updater: Update updateDownloaded","","Postman","","https://dl.pstmn.io/download/version/7.14.0/linux_64","7.14.0"]
[25495][1578339924007][main][info]["UpdateHandler~app-update-events - Received event",{"name":"electronAppUpdateDownloaded","namespace":"appUpdate","data":{"name":"Postman","notes":"","date":"","URL":"https://dl.pstmn.io/download/version/7.14.0/linux_64","downloadVersion":"7.14.0"}}]
[25495][1578340004707][main][info]["Main~AppEvents - Received booted event for process console"]
[25495][1578340021062][main][info]["WindowManager~closeHandler - Closed Window (id: 5 )"]
[25495][1578340178960][main][info]["Main~AppEvents - Received booted event for process runner"]
[25495][1578340190928][main][info]["WindowManager~closeHandler - Closed Window (id: 6 )"]
[25495][1578340244025][main][info]["WindowManager~closeHandler - Closed Window (id: 3 )"]
[25495][1578340244101][main][info]["Quitting app"]
[25495][1578340244151][main][info]["Applying update and quit the app"]
[25495][1578340244153][main][info]["@postman/app-updater: quitting app to update"]
[25495][1578340244154][main][info]["LinuxAutoUpdater~quitAndInstall - Initiated"]
[25495][1578340244160][main][info]["LinuxAutoUpdater~quitAndInstall - Quitting for update"]
[29040][1578341161590][main][info]["Booting Postman 7.14.0, linux-5.4.8-arch1-1 on x64"]
[29040][1578341161615][main][info]["EventBus~initialize - Success"]
[29040][1578341161688][main][info]["UpdateHandler~init - Success"]
[29040][1578341161700][main][info]["RuntimeExecutionService~initialized: Success"]
[29040][1578341165673][main][info]["window-manager~newSharedWindow: Shell loaded"]
[29040][1578341167827][main][info]["LinuxAutoUpdater~Cleanup - Initial cleanup successful"]
[29040][1578341167836][main][info]["Bootstrap-models~bootstrap - Success"]
[29040][1578341170989][main][info]["Main~AppEvents - Received booted event for process shared"]
[29040][1578341175268][main][info]["UpdateHandler~app-update-events - Received event",{"name":"checkForElectronVersionUpdated","namespace":"appUpdate"}]
[29040][1578341175272][main][info]["@postman/app-updater: version Updated","7.10.0","7.14.0"]
[29040][1578341175273][main][info]["UpdateHandler~app-update-events - Received event",{"name":"electronVersionUpdated","namespace":"appUpdate","data":{"lastKnownVersion":"7.10.0","currentVersion":"7.14.0"}}]
[29040][1578341175311][main][info]["Main~AppEvents - Received booted event for process requester"]
