[15755][1572436254074][shell][info]["EventBus~initialize - Success"]
[15755][1572436254083][shell][info]["shellController~init: Success"]
[15755][1572436254085][shell][info]["shellMeta~init: Success"]
[15755][1572436254111][shell][info]["init~setViewAttributes - Initializing view with opts:",{"devtools":false,"id":2,"startTime":1572436253310,"type":"shared","partitionId":"default"}]
[15755][1572436254114][shell][info]["init~setViewAttributes - Success"]
[15755][1572436259479][shell][info]["EventBus~initialize - Success"]
[15755][1572436259494][shell][info]["shellController~init: Success"]
[15755][1572436259495][shell][info]["shellMeta~init: Success"]
[15755][1572436259531][shell][info]["init~setViewAttributes - Initializing view with opts:",{"allIds":[4],"devtools":false,"id":4,"primaryId":4,"startTime":1572436258918,"type":"requester","partitionId":"default"}]
[15755][1572436259535][shell][info]["init~setViewAttributes - Success"]
[19626][1572438364851][shell][info]["EventBus~initialize - Success"]
[19626][1572438364861][shell][info]["shellController~init: Success"]
[19626][1572438364862][shell][info]["shellMeta~init: Success"]
[19626][1572438364896][shell][info]["init~setViewAttributes - Initializing view with opts:",{"devtools":false,"id":2,"startTime":1572438364123,"type":"shared","partitionId":"default"}]
[19626][1572438364900][shell][info]["init~setViewAttributes - Success"]
[19626][1572438369219][shell][info]["EventBus~initialize - Success"]
[19626][1572438369229][shell][info]["shellController~init: Success"]
[19626][1572438369230][shell][info]["shellMeta~init: Success"]
[19626][1572438369253][shell][info]["init~setViewAttributes - Initializing view with opts:",{"allIds":[3],"devtools":false,"id":3,"primaryId":3,"startTime":1572438368570,"type":"requester","partitionId":"default"}]
[19626][1572438369257][shell][info]["init~setViewAttributes - Success"]
[6226][1572689874673][shell][info]["EventBus~initialize - Success"]
[6226][1572689874682][shell][info]["shellController~init: Success"]
[6226][1572689874683][shell][info]["shellMeta~init: Success"]
[6226][1572689874717][shell][info]["init~setViewAttributes - Initializing view with opts:",{"devtools":false,"id":2,"startTime":1572689873792,"type":"shared","partitionId":"default"}]
[6226][1572689874737][shell][info]["init~setViewAttributes - Success"]
[6226][1572689879208][shell][info]["EventBus~initialize - Success"]
[6226][1572689879218][shell][info]["shellController~init: Success"]
[6226][1572689879219][shell][info]["shellMeta~init: Success"]
[6226][1572689879257][shell][info]["init~setViewAttributes - Initializing view with opts:",{"allIds":[3],"devtools":false,"id":3,"primaryId":3,"startTime":1572689878541,"type":"requester","partitionId":"default"}]
[6226][1572689879263][shell][info]["init~setViewAttributes - Success"]
[7063][1572690165719][shell][info]["EventBus~initialize - Success"]
[7063][1572690165729][shell][info]["shellController~init: Success"]
[7063][1572690165729][shell][info]["shellMeta~init: Success"]
[7063][1572690165761][shell][info]["init~setViewAttributes - Initializing view with opts:",{"devtools":false,"id":2,"startTime":1572690164901,"type":"shared","partitionId":"default"}]
[7063][1572690165765][shell][info]["init~setViewAttributes - Success"]
[7063][1572690170194][shell][info]["EventBus~initialize - Success"]
[7063][1572690170206][shell][info]["shellController~init: Success"]
[7063][1572690170207][shell][info]["shellMeta~init: Success"]
[7063][1572690170241][shell][info]["init~setViewAttributes - Initializing view with opts:",{"allIds":[3],"devtools":false,"id":3,"primaryId":3,"startTime":1572690169555,"type":"requester","partitionId":"default"}]
[7063][1572690170243][shell][info]["init~setViewAttributes - Success"]
[9089][1572691335503][shell][info]["EventBus~initialize - Success"]
[9089][1572691335515][shell][info]["shellController~init: Success"]
[9089][1572691335516][shell][info]["shellMeta~init: Success"]
[9089][1572691335545][shell][info]["init~setViewAttributes - Initializing view with opts:",{"devtools":false,"id":2,"startTime":1572691334788,"type":"shared","partitionId":"default"}]
[9089][1572691335554][shell][info]["init~setViewAttributes - Success"]
[9089][1572691339688][shell][info]["EventBus~initialize - Success"]
[9089][1572691339697][shell][info]["shellController~init: Success"]
[9089][1572691339699][shell][info]["shellMeta~init: Success"]
[9089][1572691339722][shell][info]["init~setViewAttributes - Initializing view with opts:",{"allIds":[3],"devtools":false,"id":3,"primaryId":3,"startTime":1572691339081,"type":"requester","partitionId":"default"}]
[9089][1572691339727][shell][info]["init~setViewAttributes - Success"]
[9662][1572691531077][shell][info]["EventBus~initialize - Success"]
[9662][1572691531088][shell][info]["shellController~init: Success"]
[9662][1572691531089][shell][info]["shellMeta~init: Success"]
[9662][1572691531117][shell][info]["init~setViewAttributes - Initializing view with opts:",{"devtools":false,"id":2,"startTime":1572691530357,"type":"shared","partitionId":"default"}]
[9662][1572691531119][shell][info]["init~setViewAttributes - Success"]
[9662][1572691535184][shell][info]["EventBus~initialize - Success"]
[9662][1572691535197][shell][info]["shellController~init: Success"]
[9662][1572691535198][shell][info]["shellMeta~init: Success"]
[9662][1572691535222][shell][info]["init~setViewAttributes - Initializing view with opts:",{"allIds":[3],"devtools":false,"id":3,"primaryId":3,"startTime":1572691534593,"type":"requester","partitionId":"default"}]
[9662][1572691535224][shell][info]["init~setViewAttributes - Success"]
[25495][1578339862058][shell][info]["EventBus~initialize - Success"]
[25495][1578339862068][shell][info]["shellController~init: Success"]
[25495][1578339862070][shell][info]["shellMeta~init: Success"]
[25495][1578339862103][shell][info]["init~setViewAttributes - Initializing view with opts:",{"devtools":false,"id":2,"startTime":1578339861203,"type":"shared","partitionId":"default"}]
[25495][1578339862107][shell][info]["init~setViewAttributes - Success"]
[25495][1578339866533][shell][info]["EventBus~initialize - Success"]
[25495][1578339866543][shell][info]["shellController~init: Success"]
[25495][1578339866544][shell][info]["shellMeta~init: Success"]
[25495][1578339866567][shell][info]["init~setViewAttributes - Initializing view with opts:",{"allIds":[3],"devtools":false,"id":3,"primaryId":3,"startTime":1578339865892,"type":"requester","partitionId":"default"}]
[25495][1578339866570][shell][info]["init~setViewAttributes - Success"]
[25495][1578340001208][shell][info]["EventBus~initialize - Success"]
[25495][1578340001217][shell][info]["shellController~init: Success"]
[25495][1578340001218][shell][info]["shellMeta~init: Success"]
[25495][1578340001244][shell][info]["init~setViewAttributes - Initializing view with opts:",{"devtools":false,"id":5,"startTime":1578340000595,"type":"console","partitionId":"default"}]
[25495][1578340001246][shell][info]["init~setViewAttributes - Success"]
[25495][1578340175194][shell][info]["EventBus~initialize - Success"]
[25495][1578340175204][shell][info]["shellController~init: Success"]
[25495][1578340175205][shell][info]["shellMeta~init: Success"]
[25495][1578340175227][shell][info]["init~setViewAttributes - Initializing view with opts:",{"devtools":false,"id":6,"startTime":1578340174621,"type":"runner","partitionId":"default"}]
[25495][1578340175231][shell][info]["init~setViewAttributes - Success"]
[29040][1578341165312][shell][info]["EventBus~initialize - Success"]
[29040][1578341165478][shell][info]["bootShellCrashReporter~ Success"]
[29040][1578341165525][shell][info]["shellController~init: Success"]
[29040][1578341165532][shell][info]["shellMeta~init: Success"]
[29040][1578341165739][shell][info]["init~setViewAttributes - Initializing view with opts:",{"devtools":false,"id":2,"startTime":1578341162187,"type":"shared","partitionId":"default"}]
[29040][1578341165763][shell][info]["init~setViewAttributes - Success"]
[29040][1578341171699][shell][info]["EventBus~initialize - Success"]
[29040][1578341171720][shell][info]["bootShellCrashReporter~ Success"]
[29040][1578341171724][shell][info]["shellController~init: Success"]
[29040][1578341171724][shell][info]["shellMeta~init: Success"]
[29040][1578341171753][shell][info]["init~setViewAttributes - Initializing view with opts:",{"allIds":[3],"devtools":false,"id":3,"primaryId":3,"startTime":1578341171059,"type":"requester","partitionId":"default"}]
[29040][1578341171756][shell][info]["init~setViewAttributes - Success"]
