[15755][1572436262786][requester][info]["EventBus~initialize - Success"]
[15755][1572436262792][requester][info]["Messaging~boot - Success"]
[15755][1572436262828][requester][info]["bootCrashReporter~ Success"]
[15755][1572436262831][requester][info]["Telemetry~boot - Success"]
[15755][1572436262833][requester][info]["bootConfigurations~initialize - Success"]
[15755][1572436262837][requester][info]["Settings~boot - Success"]
[15755][1572436262959][requester][info]["bootstrapModels - Success"]
[15755][1572436262960][requester][info]["WLModels~boot - Success"]
[15755][1572436263068][requester][info]["Session~boot - Success"]
[15755][1572436263075][requester][info]["IndependentServices~boot - Success"]
[15755][1572436263105][requester][info]["AppModels~boot - Success"]
[15755][1572436263105][requester][info]["RuntimeListeners~boot- Success"]
[15755][1572436263106][requester][info]["DBWatcher~boot - Success"]
[15755][1572436263110][requester][info]["ThemeManager~boot - Success"]
[15755][1572436263112][requester][info]["InAppMessaging~boot - Success"]
[15755][1572436263113][requester][info]["Store~boot - Success"]
[15755][1572436263116][requester][info]["Shortcuts~boot - Success"]
[15755][1572436263118][requester][info]["SyncProxy~boot - Success"]
[15755][1572436263143][requester][info]["NewConsole~boot - Success"]
[15755][1572436263172][requester][info]["Requester~boot - Success"]
[15755][1572436263173][requester][info]["booted - requester"]
[15755][1572436313951][requester][warn]["Failed to subscribe to workspace for all APIs",{"name":"Error","message":"","stack":"Error\n    at SafeSubscriber.realtimeRequest$.pipe.subscribe.event [as _next] (file:///opt/Postman/app/resources/app/js/vendor-shared.js:396542:24)\n    at SafeSubscriber.__tryOrUnsub (file:///opt/Postman/app/resources/app/js/vendor-shared.js:42001:16)\n    at SafeSubscriber.next (file:///opt/Postman/app/resources/app/js/vendor-shared.js:41939:22)\n    at Subscriber._next (file:///opt/Postman/app/resources/app/js/vendor-shared.js:41882:26)\n    at Subscriber.next (file:///opt/Postman/app/resources/app/js/vendor-shared.js:41859:18)\n    at FilterSubscriber._next (file:///opt/Postman/app/resources/app/js/vendor-shared.js:144476:30)\n    at FilterSubscriber.Subscriber.next (file:///opt/Postman/app/resources/app/js/vendor-shared.js:41859:18)\n    at RefCountSubscriber.Subscriber._next (file:///opt/Postman/app/resources/app/js/vendor-shared.js:41882:26)\n    at RefCountSubscriber.Subscriber.next (file:///opt/Postman/app/resources/app/js/vendor-shared.js:41859:18)\n    at Subject.next (file:///opt/Postman/app/resources/app/js/vendor-shared.js:76563:25)\n    at ConnectableSubscriber.Subscriber._next (file:///opt/Postman/app/resources/app/js/vendor-shared.js:41882:26)\n    at ConnectableSubscriber.Subscriber.next (file:///opt/Postman/app/resources/app/js/vendor-shared.js:41859:18)\n    at EventEmitter.realtimeRequestBus.subscribe.event (file:///opt/Postman/app/resources/app/js/vendor-shared.js:396489:14)\n    at EventEmitter.emit (file:///opt/Postman/app/resources/app/js/vendor-shared.js:50085:5)\n    at _dispatch (file:///opt/Postman/app/resources/app/js/vendor-shared.js:143034:14)\n    at EventEmitter.<anonymous> (file:///opt/Postman/app/resources/app/js/vendor-shared.js:143044:9)\n    at EventEmitter.emit (events.js:182:13)"}]
[15755][1572436314021][requester][warn]["APIDevService~getAPIs: Failed to get APIs.",{"error":{"message":"SyncRequestService\\x7erequestListener: Could not fetch from sync. Socket not connected."}}]
[15755][1572436314041][requester][warn]["Failed to refresh API List",{"error":{"message":"SyncRequestService\\x7erequestListener: Could not fetch from sync. Socket not connected."}}]
[19626][1572438372437][requester][info]["EventBus~initialize - Success"]
[19626][1572438372443][requester][info]["Messaging~boot - Success"]
[19626][1572438372515][requester][info]["bootCrashReporter~ Success"]
[19626][1572438372523][requester][info]["Telemetry~boot - Success"]
[19626][1572438372525][requester][info]["bootConfigurations~initialize - Success"]
[19626][1572438372529][requester][info]["Settings~boot - Success"]
[19626][1572438372654][requester][info]["bootstrapModels - Success"]
[19626][1572438372655][requester][info]["WLModels~boot - Success"]
[19626][1572438372813][requester][info]["Session~boot - Success"]
[19626][1572438372827][requester][info]["IndependentServices~boot - Success"]
[19626][1572438372873][requester][info]["AppModels~boot - Success"]
[19626][1572438372874][requester][info]["RuntimeListeners~boot- Success"]
[19626][1572438372875][requester][info]["DBWatcher~boot - Success"]
[19626][1572438372881][requester][info]["ThemeManager~boot - Success"]
[19626][1572438372884][requester][info]["InAppMessaging~boot - Success"]
[19626][1572438372884][requester][info]["Store~boot - Success"]
[19626][1572438372890][requester][info]["Shortcuts~boot - Success"]
[19626][1572438372891][requester][info]["SyncProxy~boot - Success"]
[19626][1572438372938][requester][info]["NewConsole~boot - Success"]
[19626][1572438372983][requester][info]["Requester~boot - Success"]
[19626][1572438372984][requester][info]["booted - requester"]
[19626][1572438373321][requester][error]["APIDevService~getAllAPIRealtimeEvents: workspaceId not found"]
[6226][1572689882764][requester][info]["EventBus~initialize - Success"]
[6226][1572689882773][requester][info]["Messaging~boot - Success"]
[6226][1572689882826][requester][info]["bootCrashReporter~ Success"]
[6226][1572689882830][requester][info]["Telemetry~boot - Success"]
[6226][1572689882831][requester][info]["bootConfigurations~initialize - Success"]
[6226][1572689882836][requester][info]["Settings~boot - Success"]
[6226][1572689882962][requester][info]["bootstrapModels - Success"]
[6226][1572689882963][requester][info]["WLModels~boot - Success"]
[6226][1572689883028][requester][info]["Session~boot - Success"]
[6226][1572689883034][requester][info]["IndependentServices~boot - Success"]
[6226][1572689883060][requester][info]["AppModels~boot - Success"]
[6226][1572689883061][requester][info]["RuntimeListeners~boot- Success"]
[6226][1572689883062][requester][info]["DBWatcher~boot - Success"]
[6226][1572689883066][requester][info]["ThemeManager~boot - Success"]
[6226][1572689883068][requester][info]["InAppMessaging~boot - Success"]
[6226][1572689883068][requester][info]["Store~boot - Success"]
[6226][1572689883072][requester][info]["Shortcuts~boot - Success"]
[6226][1572689883073][requester][info]["SyncProxy~boot - Success"]
[6226][1572689883116][requester][info]["NewConsole~boot - Success"]
[6226][1572689883151][requester][info]["Requester~boot - Success"]
[6226][1572689883153][requester][info]["booted - requester"]
[6226][1572689883658][requester][error]["APIDevService~getAllAPIRealtimeEvents: workspaceId not found"]
[7063][1572690173592][requester][info]["EventBus~initialize - Success"]
[7063][1572690173598][requester][info]["Messaging~boot - Success"]
[7063][1572690173634][requester][info]["bootCrashReporter~ Success"]
[7063][1572690173637][requester][info]["Telemetry~boot - Success"]
[7063][1572690173638][requester][info]["bootConfigurations~initialize - Success"]
[7063][1572690173642][requester][info]["Settings~boot - Success"]
[7063][1572690173772][requester][info]["bootstrapModels - Success"]
[7063][1572690173773][requester][info]["WLModels~boot - Success"]
[7063][1572690173858][requester][info]["Session~boot - Success"]
[7063][1572690173863][requester][info]["IndependentServices~boot - Success"]
[7063][1572690173889][requester][info]["AppModels~boot - Success"]
[7063][1572690173889][requester][info]["RuntimeListeners~boot- Success"]
[7063][1572690173890][requester][info]["DBWatcher~boot - Success"]
[7063][1572690173895][requester][info]["ThemeManager~boot - Success"]
[7063][1572690173897][requester][info]["InAppMessaging~boot - Success"]
[7063][1572690173897][requester][info]["Store~boot - Success"]
[7063][1572690173901][requester][info]["Shortcuts~boot - Success"]
[7063][1572690173902][requester][info]["SyncProxy~boot - Success"]
[7063][1572690173931][requester][info]["NewConsole~boot - Success"]
[7063][1572690173982][requester][info]["Requester~boot - Success"]
[7063][1572690173984][requester][info]["booted - requester"]
[7063][1572690174482][requester][error]["APIDevService~getAllAPIRealtimeEvents: workspaceId not found"]
[9089][1572691343078][requester][info]["EventBus~initialize - Success"]
[9089][1572691343084][requester][info]["Messaging~boot - Success"]
[9089][1572691343121][requester][info]["bootCrashReporter~ Success"]
[9089][1572691343124][requester][info]["Telemetry~boot - Success"]
[9089][1572691343126][requester][info]["bootConfigurations~initialize - Success"]
[9089][1572691343131][requester][info]["Settings~boot - Success"]
[9089][1572691343251][requester][info]["bootstrapModels - Success"]
[9089][1572691343252][requester][info]["WLModels~boot - Success"]
[9089][1572691343359][requester][info]["Session~boot - Success"]
[9089][1572691343369][requester][info]["IndependentServices~boot - Success"]
[9089][1572691343427][requester][info]["AppModels~boot - Success"]
[9089][1572691343429][requester][info]["RuntimeListeners~boot- Success"]
[9089][1572691343430][requester][info]["DBWatcher~boot - Success"]
[9089][1572691343435][requester][info]["ThemeManager~boot - Success"]
[9089][1572691343437][requester][info]["InAppMessaging~boot - Success"]
[9089][1572691343438][requester][info]["Store~boot - Success"]
[9089][1572691343445][requester][info]["Shortcuts~boot - Success"]
[9089][1572691343446][requester][info]["SyncProxy~boot - Success"]
[9089][1572691343493][requester][info]["NewConsole~boot - Success"]
[9089][1572691343524][requester][info]["Requester~boot - Success"]
[9089][1572691343525][requester][info]["booted - requester"]
[9089][1572691343902][requester][error]["APIDevService~getAllAPIRealtimeEvents: workspaceId not found"]
[9662][1572691538364][requester][info]["EventBus~initialize - Success"]
[9662][1572691538369][requester][info]["Messaging~boot - Success"]
[9662][1572691538406][requester][info]["bootCrashReporter~ Success"]
[9662][1572691538408][requester][info]["Telemetry~boot - Success"]
[9662][1572691538410][requester][info]["bootConfigurations~initialize - Success"]
[9662][1572691538414][requester][info]["Settings~boot - Success"]
[9662][1572691538540][requester][info]["bootstrapModels - Success"]
[9662][1572691538541][requester][info]["WLModels~boot - Success"]
[9662][1572691538647][requester][info]["Session~boot - Success"]
[9662][1572691538656][requester][info]["IndependentServices~boot - Success"]
[9662][1572691538695][requester][info]["AppModels~boot - Success"]
[9662][1572691538695][requester][info]["RuntimeListeners~boot- Success"]
[9662][1572691538696][requester][info]["DBWatcher~boot - Success"]
[9662][1572691538702][requester][info]["ThemeManager~boot - Success"]
[9662][1572691538705][requester][info]["InAppMessaging~boot - Success"]
[9662][1572691538706][requester][info]["Store~boot - Success"]
[9662][1572691538712][requester][info]["Shortcuts~boot - Success"]
[9662][1572691538713][requester][info]["SyncProxy~boot - Success"]
[9662][1572691538762][requester][info]["NewConsole~boot - Success"]
[9662][1572691538788][requester][info]["Requester~boot - Success"]
[9662][1572691538788][requester][info]["booted - requester"]
[9662][1572691539123][requester][error]["APIDevService~getAllAPIRealtimeEvents: workspaceId not found"]
[25495][1578339869931][requester][info]["EventBus~initialize - Success"]
[25495][1578339869937][requester][info]["Messaging~boot - Success"]
[25495][1578339869978][requester][info]["bootCrashReporter~ Success"]
[25495][1578339869981][requester][info]["Telemetry~boot - Success"]
[25495][1578339869983][requester][info]["bootConfigurations~initialize - Success"]
[25495][1578339869987][requester][info]["Settings~boot - Success"]
[25495][1578339870094][requester][warn]["Error in fetching user information",{"name":"Error","message":"Could not get waterline model for user. ORM not initialized.","stack":"Error: Could not get waterline model for user. ORM not initialized.\n    at Object.getModel (file:///opt/Postman/app/resources/app/js/vendor-shared.js:50555:29)\n    at Object.findOne (file:///opt/Postman/app/resources/app/js/vendor-shared.js:50617:5)\n    at Object.get (file:///opt/Postman/app/resources/app/js/vendor-shared.js:61311:84)\n    at sentry.configureScope.scope (file:///opt/Postman/app/resources/app/js/vendor-shared.js:513601:7)\n    at Hub.configureScope (file:///opt/Postman/app/resources/app/js/vendor-shared.js:518766:13)\n    at callOnHub (file:///opt/Postman/app/resources/app/js/vendor-shared.js:518353:28)\n    at Object.configureScope (file:///opt/Postman/app/resources/app/js/vendor-shared.js:518425:5)\n    at Object.setUserScope (file:///opt/Postman/app/resources/app/js/vendor-shared.js:513599:17)\n    at Object (file:///opt/Postman/app/resources/app/js/vendor-shared.js:513514:134)\n    at processEvent (file:///opt/Postman/app/resources/app/js/vendor-shared.js:17392:12)\n    at file:///opt/Postman/app/resources/app/js/vendor-shared.js:17402:14\n    at sentryWrapped (file:///opt/Postman/app/resources/app/js/vendor-shared.js:516924:27)"}]
[25495][1578339870138][requester][info]["bootstrapModels - Success"]
[25495][1578339870140][requester][info]["WLModels~boot - Success"]
[25495][1578339870282][requester][info]["Session~boot - Success"]
[25495][1578339870292][requester][info]["IndependentServices~boot - Success"]
[25495][1578339870330][requester][info]["AppModels~boot - Success"]
[25495][1578339870330][requester][info]["RuntimeListeners~boot- Success"]
[25495][1578339870330][requester][info]["DBWatcher~boot - Success"]
[25495][1578339870349][requester][info]["ThemeManager~boot - Success"]
[25495][1578339870351][requester][info]["InAppMessaging~boot - Success"]
[25495][1578339870351][requester][info]["Store~boot - Success"]
[25495][1578339870356][requester][info]["Shortcuts~boot - Success"]
[25495][1578339870357][requester][info]["SyncProxy~boot - Success"]
[25495][1578339870394][requester][info]["NewConsole~boot - Success"]
[25495][1578339870431][requester][info]["Requester~boot - Success"]
[25495][1578339870432][requester][info]["booted - requester"]
[25495][1578339871329][requester][warn]["Failed to subscribe to workspace for all APIs",{"name":"Error","message":"","stack":"Error\n    at SafeSubscriber.realtimeRequest$.pipe.subscribe.event [as _next] (file:///opt/Postman/app/resources/app/js/vendor-shared.js:396542:24)\n    at SafeSubscriber.__tryOrUnsub (file:///opt/Postman/app/resources/app/js/vendor-shared.js:42001:16)\n    at SafeSubscriber.next (file:///opt/Postman/app/resources/app/js/vendor-shared.js:41939:22)\n    at Subscriber._next (file:///opt/Postman/app/resources/app/js/vendor-shared.js:41882:26)\n    at Subscriber.next (file:///opt/Postman/app/resources/app/js/vendor-shared.js:41859:18)\n    at FilterSubscriber._next (file:///opt/Postman/app/resources/app/js/vendor-shared.js:144476:30)\n    at FilterSubscriber.Subscriber.next (file:///opt/Postman/app/resources/app/js/vendor-shared.js:41859:18)\n    at RefCountSubscriber.Subscriber._next (file:///opt/Postman/app/resources/app/js/vendor-shared.js:41882:26)\n    at RefCountSubscriber.Subscriber.next (file:///opt/Postman/app/resources/app/js/vendor-shared.js:41859:18)\n    at Subject.next (file:///opt/Postman/app/resources/app/js/vendor-shared.js:76563:25)\n    at ConnectableSubscriber.Subscriber._next (file:///opt/Postman/app/resources/app/js/vendor-shared.js:41882:26)\n    at ConnectableSubscriber.Subscriber.next (file:///opt/Postman/app/resources/app/js/vendor-shared.js:41859:18)\n    at EventEmitter.realtimeRequestBus.subscribe.event (file:///opt/Postman/app/resources/app/js/vendor-shared.js:396489:14)\n    at EventEmitter.emit (file:///opt/Postman/app/resources/app/js/vendor-shared.js:50085:5)\n    at _dispatch (file:///opt/Postman/app/resources/app/js/vendor-shared.js:143034:14)\n    at EventEmitter.<anonymous> (file:///opt/Postman/app/resources/app/js/vendor-shared.js:143044:9)\n    at EventEmitter.emit (events.js:182:13)"}]
[25495][1578339871632][requester][warn]["APIDevService~getAPIs: Failed to get APIs.",{"error":{"message":"SyncRequestService\\x7erequestListener: Could not fetch from sync. Socket not connected."}}]
[25495][1578339871633][requester][warn]["Failed to refresh API List",{"error":{"message":"SyncRequestService\\x7erequestListener: Could not fetch from sync. Socket not connected."}}]
[25495][1578339871889][requester][info]["VerifyUserSessionService~verifyUserSession: Locking current session. Forcing user to login again."]
[29040][1578341174949][requester][info]["EventBus~initialize - Success"]
[29040][1578341174954][requester][info]["Messaging~boot - Success"]
[29040][1578341174993][requester][info]["bootCrashReporter~ Success"]
[29040][1578341174996][requester][info]["Telemetry~boot - Success"]
[29040][1578341174998][requester][info]["bootConfigurations~initialize - Success"]
[29040][1578341175002][requester][info]["Settings~boot - Success"]
[29040][1578341175101][requester][warn]["Error in fetching user information",{"name":"Error","message":"Could not get waterline model for user. ORM not initialized.","stack":"Error: Could not get waterline model for user. ORM not initialized.\n    at Object.getModel (file:///opt/Postman/app/resources/app/js/vendor-shared.js:50491:29)\n    at Object.findOne (file:///opt/Postman/app/resources/app/js/vendor-shared.js:50553:5)\n    at Object.get (file:///opt/Postman/app/resources/app/js/vendor-shared.js:61444:84)\n    at sentry.configureScope.scope (file:///opt/Postman/app/resources/app/js/vendor-shared.js:523264:7)\n    at Hub.configureScope (file:///opt/Postman/app/resources/app/js/vendor-shared.js:201066:13)\n    at callOnHub (file:///opt/Postman/app/resources/app/js/vendor-shared.js:200653:28)\n    at Object.configureScope (file:///opt/Postman/app/resources/app/js/vendor-shared.js:200725:5)\n    at Object.setUserScope (file:///opt/Postman/app/resources/app/js/vendor-shared.js:523262:17)\n    at Object (file:///opt/Postman/app/resources/app/js/vendor-shared.js:523177:134)\n    at processEvent (file:///opt/Postman/app/resources/app/js/vendor-shared.js:17392:12)\n    at file:///opt/Postman/app/resources/app/js/vendor-shared.js:17402:14\n    at sentryWrapped (file:///opt/Postman/app/resources/app/js/vendor-shared.js:199224:27)"}]
[29040][1578341175130][requester][info]["bootstrapModels - Success"]
[29040][1578341175133][requester][info]["WLModels~boot - Success"]
[29040][1578341175190][requester][info]["Session~boot - Success"]
[29040][1578341175195][requester][info]["IndependentServices~boot - Success"]
[29040][1578341175223][requester][info]["AppModels~boot - Success"]
[29040][1578341175224][requester][info]["RuntimeListeners~boot- Success"]
[29040][1578341175224][requester][info]["DBWatcher~boot - Success"]
[29040][1578341175228][requester][info]["ThemeManager~boot - Success"]
[29040][1578341175229][requester][info]["Store~boot - Success"]
[29040][1578341175232][requester][info]["Shortcuts~boot - Success"]
[29040][1578341175233][requester][info]["SyncProxy~boot - Success"]
[29040][1578341175261][requester][info]["NewConsole~boot - Success"]
[29040][1578341175285][requester][info]["Requester~boot - Success"]
[29040][1578341175287][requester][info]["booted - requester"]
